<?xml version="1.0" encoding="UTF-8"?>
<!-- Generated by org.testng.reporters.JUnitReportReporter -->
<testsuite hostname="DESKTOP-LHC7I0C" failures="0" tests="1" name="authunticationandauthorization.Bearer_Token" time="5.019" errors="0" timestamp="2023-07-11T21:56:53 PDT" skipped="0">
  <testcase classname="authunticationandauthorization.Bearer_Token" name="bearerToken" time="5.019"/>
  <system-out/>
</testsuite> <!-- authunticationandauthorization.Bearer_Token -->
