<?xml version="1.0" encoding="UTF-8"?>
<!-- Generated by org.testng.reporters.JUnitReportReporter -->
<testsuite hostname="DESKTOP-LHC7I0C" failures="0" tests="1" name="com.spotify.test.GetUserPlaylist" time="3.196" errors="0" timestamp="2023-07-15T08:29:14 PDT" skipped="0">
  <testcase classname="com.spotify.test.GetUserPlaylist" name="getPlyalists" time="3.196"/>
  <system-out/>
</testsuite> <!-- com.spotify.test.GetUserPlaylist -->
