<?xml version="1.0" encoding="UTF-8"?>
<!-- Generated by org.testng.reporters.JUnitReportReporter -->
<testsuite hostname="DESKTOP-LHC7I0C" failures="0" tests="1" name="serialization_deserilization.CreateUser" time="5.360" errors="0" timestamp="2023-07-12T02:59:36 PDT" skipped="0">
  <testcase classname="serialization_deserilization.CreateUser" name="postuser" time="5.360"/>
  <system-out/>
</testsuite> <!-- serialization_deserilization.CreateUser -->
