<?xml version="1.0" encoding="UTF-8"?>
<!-- Generated by org.testng.reporters.JUnitReportReporter -->
<testsuite hostname="DESKTOP-LHC7I0C" failures="0" tests="1" name="assertionusage.AssertionTypes" time="5.269" errors="0" timestamp="2023-07-06T21:30:25 PDT" skipped="0">
  <testcase classname="assertionusage.AssertionTypes" name="assertionApply" time="5.269"/>
  <system-out/>
</testsuite> <!-- assertionusage.AssertionTypes -->
