<?xml version="1.0" encoding="UTF-8"?>
<!-- Generated by org.testng.reporters.JUnitReportReporter -->
<testsuite hostname="DESKTOP-LHC7I0C" failures="0" tests="1" name="requestsepc_and_responsspecbuilder.Demo" time="4.527" errors="0" timestamp="2023-07-08T03:05:47 PDT" skipped="0">
  <testcase classname="requestsepc_and_responsspecbuilder.Demo" name="getpostmanworkspaces" time="4.527"/>
  <system-out/>
</testsuite> <!-- requestsepc_and_responsspecbuilder.Demo -->
