<?xml version="1.0" encoding="UTF-8"?>
<!-- Generated by org.testng.reporters.JUnitReportReporter -->
<testsuite hostname="DESKTOP-LHC7I0C" failures="0" tests="1" name="moukserverequests.GetMouckrequest" time="6.615" errors="0" timestamp="2023-07-08T08:35:07 PDT" skipped="0">
  <testcase classname="moukserverequests.GetMouckrequest" name="GetMouck" time="6.615"/>
  <system-out/>
</testsuite> <!-- moukserverequests.GetMouckrequest -->
