<?xml version="1.0" encoding="UTF-8"?>
<!-- Generated by org.testng.reporters.JUnitReportReporter -->
<testsuite hostname="DESKTOP-LHC7I0C" failures="0" tests="1" name="com.spotify.test.CreatePlaylist$Createplaylist" time="3.744" errors="0" timestamp="2023-07-15T08:07:11 PDT" skipped="0">
  <testcase classname="com.spotify.test.CreatePlaylist$Createplaylist" name="createplaylist" time="3.744"/>
  <system-out/>
</testsuite> <!-- com.spotify.test.CreatePlaylist$Createplaylist -->
