<?xml version="1.0" encoding="UTF-8"?>
<!-- Generated by org.testng.reporters.JUnitReportReporter -->
<testsuite hostname="DESKTOP-LHC7I0C" failures="0" tests="1" name="serialization_deserilization.GetUser" time="3.164" errors="0" timestamp="2023-07-13T02:06:29 PDT" skipped="0">
  <testcase classname="serialization_deserilization.GetUser" name="getuser" time="3.164"/>
  <system-out/>
</testsuite> <!-- serialization_deserilization.GetUser -->
