<?xml version="1.0" encoding="UTF-8"?>
<!-- Generated by org.testng.reporters.JUnitReportReporter -->
<testsuite hostname="DESKTOP-LHC7I0C" failures="0" tests="1" name="spotifyapiautomation.UpdatePlaylist" time="3.211" errors="0" timestamp="2023-07-14T07:11:08 PDT" skipped="0">
  <testcase classname="spotifyapiautomation.UpdatePlaylist" name="updatePlyalist" time="3.211"/>
  <system-out/>
</testsuite> <!-- spotifyapiautomation.UpdatePlaylist -->
