<?xml version="1.0" encoding="UTF-8"?>
<!-- Generated by org.testng.reporters.JUnitReportReporter -->
<testsuite hostname="DESKTOP-LHC7I0C" failures="0" tests="1" name="uploadanddownloadfile.DownloadFile" time="3.439" errors="0" timestamp="2023-07-11T00:50:36 PDT" skipped="0">
  <testcase classname="uploadanddownloadfile.DownloadFile" name="downloadimage" time="3.439"/>
  <system-out/>
</testsuite> <!-- uploadanddownloadfile.DownloadFile -->
