<?xml version="1.0" encoding="UTF-8"?>
<!-- Generated by org.testng.reporters.JUnitReportReporter -->
<testsuite hostname="DESKTOP-LHC7I0C" failures="0" tests="1" name="uploadanddownloadfile.UploadFile" time="4.973" errors="0" timestamp="2023-07-10T02:04:17 PDT" skipped="0">
  <testcase classname="uploadanddownloadfile.UploadFile" name="upload" time="4.973"/>
  <system-out/>
</testsuite> <!-- uploadanddownloadfile.UploadFile -->
