<?xml version="1.0" encoding="UTF-8"?>
<!-- Generated by org.testng.reporters.JUnitReportReporter -->
<testsuite hostname="DESKTOP-LHC7I0C" failures="0" tests="1" name="fetch_data.No_ofcourse" time="1.871" errors="0" timestamp="2023-07-06T01:26:54 PDT" skipped="0">
  <testcase classname="fetch_data.No_ofcourse" name="printCoursesNo" time="1.871"/>
  <system-out/>
</testsuite> <!-- fetch_data.No_ofcourse -->
