<?xml version="1.0" encoding="UTF-8"?>
<!-- Generated by org.testng.reporters.JUnitReportReporter -->
<testsuite hostname="DESKTOP-LHC7I0C" failures="0" tests="2" name="spotifyapiautomation.Createplaylist" time="2.459" errors="0" timestamp="2023-07-15T07:37:55 PDT" skipped="1">
  <testcase classname="spotifyapiautomation.Createplaylist" name="createplaylist" time="2.459"/>
  <system-out/>
  <testcase classname="spotifyapiautomation.Createplaylist" name="getPlyalists">
    <skipped/>
  </testcase> <!-- getPlyalists -->
  <system-out/>
</testsuite> <!-- spotifyapiautomation.Createplaylist -->
