<?xml version="1.0" encoding="UTF-8"?>
<!-- Generated by org.testng.reporters.JUnitReportReporter -->
<testsuite hostname="DESKTOP-LHC7I0C" failures="0" tests="1" name="moukserverequests.PostComplexJson" time="4.962" errors="0" timestamp="2023-07-09T23:16:59 PDT" skipped="0">
  <testcase classname="moukserverequests.PostComplexJson" name="complexJson" time="4.962"/>
  <system-out/>
</testsuite> <!-- moukserverequests.PostComplexJson -->
