<?xml version="1.0" encoding="UTF-8"?>
<!-- Generated by org.testng.reporters.JUnitReportReporter -->
<testsuite hostname="DESKTOP-LHC7I0C" failures="0" tests="1" name="authunticationandauthorization.BasicAuth" time="4.926" errors="0" timestamp="2023-07-11T01:39:26 PDT" skipped="0">
  <testcase classname="authunticationandauthorization.BasicAuth" name="GetBasicAuth" time="4.926"/>
  <system-out/>
</testsuite> <!-- authunticationandauthorization.BasicAuth -->
