<?xml version="1.0" encoding="UTF-8"?>
<!-- Generated by org.testng.reporters.JUnitReportReporter -->
<testsuite hostname="DESKTOP-LHC7I0C" failures="0" tests="6" name="fetch_data.FectchDataTutorial" time="2.176" errors="0" timestamp="2023-07-06T02:18:21 PDT" skipped="0">
  <testcase classname="fetch_data.FectchDataTutorial" name="printCoursesNo" time="1.696"/>
  <system-out/>
  <testcase classname="fetch_data.FectchDataTutorial" name="fetchPurchaseAmmount" time="0.071"/>
  <system-out/>
  <testcase classname="fetch_data.FectchDataTutorial" name="printFirstCourceTitle" time="0.070"/>
  <system-out/>
  <testcase classname="fetch_data.FectchDataTutorial" name="PrintAllTitleAndPrice" time="0.134"/>
  <system-out/>
  <testcase classname="fetch_data.FectchDataTutorial" name="printCopiesOfRPA" time="0.084"/>
  <system-out/>
  <testcase classname="fetch_data.FectchDataTutorial" name="varifySumofAllCourcePriceWithPurchasAmmount" time="0.121"/>
  <system-out/>
</testsuite> <!-- fetch_data.FectchDataTutorial -->
